This is pdfTeX, Version 3.141592653-2.6-1.40.24 (MiKTeX 22.1) (preloaded format=pdflatex 2024.3.1)  4 JUN 2024 10:18
entering extended mode
 restricted \write18 enabled.
 %&-line parsing enabled.
**./REPORT.tex
(REPORT.tex
LaTeX2e <2023-11-01> patch level 1
L3 programming layer <2024-02-20>

(/Users/thatokalagobe/Library/Application Support/MiKTeX/texmfs/install/tex/lat
ex/base/article.cls
Document Class: article 2023/05/17 v1.4n Standard LaTeX document class

(/Users/thatokalagobe/Library/Application Support/MiKTeX/texmfs/install/tex/lat
ex/base/size10.clo
File: size10.clo 2023/05/17 v1.4n Standard LaTeX file (size option)
)
\c@part=\count188
\c@section=\count189
\c@subsection=\count190
\c@subsubsection=\count191
\c@paragraph=\count192
\c@subparagraph=\count193
\c@figure=\count194
\c@table=\count195
\abovecaptionskip=\skip48
\belowcaptionskip=\skip49
\bibindent=\dimen140
)
(/Users/thatokalagobe/Library/Application Support/MiKTeX/texmfs/install/tex/lat
ex/amsmath/amsmath.sty
Package: amsmath 2023/05/13 v2.17o AMS math features
\@mathmargin=\skip50

For additional information on amsmath, use the `?' option.

(/Users/thatokalagobe/Library/Application Support/MiKTeX/texmfs/install/tex/lat
ex/amsmath/amstext.sty
Package: amstext 2021/08/26 v2.01 AMS text

(/Users/thatokalagobe/Library/Application Support/MiKTeX/texmfs/install/tex/lat
ex/amsmath/amsgen.sty
File: amsgen.sty 1999/11/30 v2.0 generic functions
\@emptytoks=\toks17
\ex@=\dimen141
))
(/Users/thatokalagobe/Library/Application Support/MiKTeX/texmfs/install/tex/lat
ex/amsmath/amsbsy.sty
Package: amsbsy 1999/11/29 v1.2d Bold Symbols
\pmbraise@=\dimen142
)
(/Users/thatokalagobe/Library/Application Support/MiKTeX/texmfs/install/tex/lat
ex/amsmath/amsopn.sty
Package: amsopn 2022/04/08 v2.04 operator names
)
\inf@bad=\count196
LaTeX Info: Redefining \frac on input line 234.
\uproot@=\count197
\leftroot@=\count198
LaTeX Info: Redefining \overline on input line 399.
LaTeX Info: Redefining \colon on input line 410.
\classnum@=\count199
\DOTSCASE@=\count266
LaTeX Info: Redefining \ldots on input line 496.
LaTeX Info: Redefining \dots on input line 499.
LaTeX Info: Redefining \cdots on input line 620.
\Mathstrutbox@=\box51
\strutbox@=\box52
LaTeX Info: Redefining \big on input line 722.
LaTeX Info: Redefining \Big on input line 723.
LaTeX Info: Redefining \bigg on input line 724.
LaTeX Info: Redefining \Bigg on input line 725.
\big@size=\dimen143
LaTeX Font Info:    Redeclaring font encoding OML on input line 743.
LaTeX Font Info:    Redeclaring font encoding OMS on input line 744.
\macc@depth=\count267
LaTeX Info: Redefining \bmod on input line 905.
LaTeX Info: Redefining \pmod on input line 910.
LaTeX Info: Redefining \smash on input line 940.
LaTeX Info: Redefining \relbar on input line 970.
LaTeX Info: Redefining \Relbar on input line 971.
\c@MaxMatrixCols=\count268
\dotsspace@=\muskip16
\c@parentequation=\count269
\dspbrk@lvl=\count270
\tag@help=\toks18
\row@=\count271
\column@=\count272
\maxfields@=\count273
\andhelp@=\toks19
\eqnshift@=\dimen144
\alignsep@=\dimen145
\tagshift@=\dimen146
\tagwidth@=\dimen147
\totwidth@=\dimen148
\lineht@=\dimen149
\@envbody=\toks20
\multlinegap=\skip51
\multlinetaggap=\skip52
\mathdisplay@stack=\toks21
LaTeX Info: Redefining \[ on input line 2953.
LaTeX Info: Redefining \] on input line 2954.
)
(/Users/thatokalagobe/Library/Application Support/MiKTeX/texmfs/install/tex/lat
ex/graphics/graphicx.sty
Package: graphicx 2021/09/16 v1.2d Enhanced LaTeX Graphics (DPC,SPQR)

(/Users/thatokalagobe/Library/Application Support/MiKTeX/texmfs/install/tex/lat
ex/graphics/keyval.sty
Package: keyval 2022/05/29 v1.15 key=value parser (DPC)
\KV@toks@=\toks22
)
(/Users/thatokalagobe/Library/Application Support/MiKTeX/texmfs/install/tex/lat
ex/graphics/graphics.sty
Package: graphics 2022/03/10 v1.4e Standard LaTeX Graphics (DPC,SPQR)

(/Users/thatokalagobe/Library/Application Support/MiKTeX/texmfs/install/tex/lat
ex/graphics/trig.sty
Package: trig 2021/08/11 v1.11 sin cos tan (DPC)
)
(/Users/thatokalagobe/Library/Application Support/MiKTeX/texmfs/install/tex/lat
ex/graphics-cfg/graphics.cfg
File: graphics.cfg 2016/06/04 v1.11 sample graphics configuration
)
Package graphics Info: Driver file: pdftex.def on input line 107.

(/Users/thatokalagobe/Library/Application Support/MiKTeX/texmfs/install/tex/lat
ex/graphics-def/pdftex.def
File: pdftex.def 2022/09/22 v1.2b Graphics/color driver for pdftex
))
\Gin@req@height=\dimen150
\Gin@req@width=\dimen151
)
(/Users/thatokalagobe/Library/Application Support/MiKTeX/texmfs/install/tex/lat
ex/hyperref/hyperref.sty
Package: hyperref 2024-01-20 v7.01h Hypertext links for LaTeX

(/Users/thatokalagobe/Library/Application Support/MiKTeX/texmfs/install/tex/gen
eric/iftex/iftex.sty
Package: iftex 2022/02/03 v1.0f TeX engine tests
)
(/Users/thatokalagobe/Library/Application Support/MiKTeX/texmfs/install/tex/lat
ex/kvsetkeys/kvsetkeys.sty
Package: kvsetkeys 2022-10-05 v1.19 Key value parser (HO)
)
(/Users/thatokalagobe/Library/Application Support/MiKTeX/texmfs/install/tex/gen
eric/kvdefinekeys/kvdefinekeys.sty
Package: kvdefinekeys 2019-12-19 v1.6 Define keys (HO)
)
(/Users/thatokalagobe/Library/Application Support/MiKTeX/texmfs/install/tex/gen
eric/pdfescape/pdfescape.sty
Package: pdfescape 2019/12/09 v1.15 Implements pdfTeX's escape features (HO)

(/Users/thatokalagobe/Library/Application Support/MiKTeX/texmfs/install/tex/gen
eric/ltxcmds/ltxcmds.sty
Package: ltxcmds 2023-12-04 v1.26 LaTeX kernel commands for general use (HO)
)
(/Users/thatokalagobe/Library/Application Support/MiKTeX/texmfs/install/tex/gen
eric/pdftexcmds/pdftexcmds.sty
Package: pdftexcmds 2020-06-27 v0.33 Utility functions of pdfTeX for LuaTeX (HO
)

(/Users/thatokalagobe/Library/Application Support/MiKTeX/texmfs/install/tex/gen
eric/infwarerr/infwarerr.sty
Package: infwarerr 2019/12/03 v1.5 Providing info/warning/error messages (HO)
)
Package pdftexcmds Info: \pdf@primitive is available.
Package pdftexcmds Info: \pdf@ifprimitive is available.
Package pdftexcmds Info: \pdfdraftmode found.
))
(/Users/thatokalagobe/Library/Application Support/MiKTeX/texmfs/install/tex/lat
ex/hycolor/hycolor.sty
Package: hycolor 2020-01-27 v1.10 Color options for hyperref/bookmark (HO)
)
(/Users/thatokalagobe/Library/Application Support/MiKTeX/texmfs/install/tex/lat
ex/auxhook/auxhook.sty
Package: auxhook 2019-12-17 v1.6 Hooks for auxiliary files (HO)
)
(/Users/thatokalagobe/Library/Application Support/MiKTeX/texmfs/install/tex/lat
ex/hyperref/nameref.sty
Package: nameref 2023-11-26 v2.56 Cross-referencing by name of section

(/Users/thatokalagobe/Library/Application Support/MiKTeX/texmfs/install/tex/lat
ex/refcount/refcount.sty
Package: refcount 2019/12/15 v3.6 Data extraction from label references (HO)
)
(/Users/thatokalagobe/Library/Application Support/MiKTeX/texmfs/install/tex/gen
eric/gettitlestring/gettitlestring.sty
Package: gettitlestring 2019/12/15 v1.6 Cleanup title references (HO)

(/Users/thatokalagobe/Library/Application Support/MiKTeX/texmfs/install/tex/lat
ex/kvoptions/kvoptions.sty
Package: kvoptions 2022-06-15 v3.15 Key value format for package options (HO)
))
\c@section@level=\count274
)
(/Users/thatokalagobe/Library/Application Support/MiKTeX/texmfs/install/tex/lat
ex/etoolbox/etoolbox.sty
Package: etoolbox 2020/10/05 v2.5k e-TeX tools for LaTeX (JAW)
\etb@tempcnta=\count275
)
\@linkdim=\dimen152
\Hy@linkcounter=\count276
\Hy@pagecounter=\count277

(/Users/thatokalagobe/Library/Application Support/MiKTeX/texmfs/install/tex/lat
ex/hyperref/pd1enc.def
File: pd1enc.def 2024-01-20 v7.01h Hyperref: PDFDocEncoding definition (HO)
Now handling font encoding PD1 ...
... no UTF-8 mapping file for font encoding PD1
)
(/Users/thatokalagobe/Library/Application Support/MiKTeX/texmfs/install/tex/gen
eric/intcalc/intcalc.sty
Package: intcalc 2019/12/15 v1.3 Expandable calculations with integers (HO)
)
\Hy@SavedSpaceFactor=\count278

(/Users/thatokalagobe/Library/Application Support/MiKTeX/texmfs/install/tex/lat
ex/hyperref/puenc.def
File: puenc.def 2024-01-20 v7.01h Hyperref: PDF Unicode definition (HO)
Now handling font encoding PU ...
... no UTF-8 mapping file for font encoding PU
)
Package hyperref Info: Hyper figures OFF on input line 4179.
Package hyperref Info: Link nesting OFF on input line 4184.
Package hyperref Info: Hyper index ON on input line 4187.
Package hyperref Info: Plain pages OFF on input line 4194.
Package hyperref Info: Backreferencing OFF on input line 4199.
Package hyperref Info: Implicit mode ON; LaTeX internals redefined.
Package hyperref Info: Bookmarks ON on input line 4446.
\c@Hy@tempcnt=\count279

(/Users/thatokalagobe/Library/Application Support/MiKTeX/texmfs/install/tex/lat
ex/url/url.sty
\Urlmuskip=\muskip17
Package: url 2013/09/16  ver 3.4  Verb mode for urls, etc.
)
LaTeX Info: Redefining \url on input line 4784.
\XeTeXLinkMargin=\dimen153

(/Users/thatokalagobe/Library/Application Support/MiKTeX/texmfs/install/tex/gen
eric/bitset/bitset.sty
Package: bitset 2019/12/09 v1.3 Handle bit-vector datatype (HO)

(/Users/thatokalagobe/Library/Application Support/MiKTeX/texmfs/install/tex/gen
eric/bigintcalc/bigintcalc.sty
Package: bigintcalc 2019/12/15 v1.5 Expandable calculations on big integers (HO
)
))
\Fld@menulength=\count280
\Field@Width=\dimen154
\Fld@charsize=\dimen155
Package hyperref Info: Hyper figures OFF on input line 6063.
Package hyperref Info: Link nesting OFF on input line 6068.
Package hyperref Info: Hyper index ON on input line 6071.
Package hyperref Info: backreferencing OFF on input line 6078.
Package hyperref Info: Link coloring OFF on input line 6083.
Package hyperref Info: Link coloring with OCG OFF on input line 6088.
Package hyperref Info: PDF/A mode OFF on input line 6093.

(/Users/thatokalagobe/Library/Application Support/MiKTeX/texmfs/install/tex/lat
ex/base/atbegshi-ltx.sty
Package: atbegshi-ltx 2021/01/10 v1.0c Emulation of the original atbegshi
package with kernel methods
)
\Hy@abspage=\count281
\c@Item=\count282
\c@Hfootnote=\count283
)
Package hyperref Info: Driver (autodetected): hpdftex.

(/Users/thatokalagobe/Library/Application Support/MiKTeX/texmfs/install/tex/lat
ex/hyperref/hpdftex.def
File: hpdftex.def 2024-01-20 v7.01h Hyperref driver for pdfTeX

(/Users/thatokalagobe/Library/Application Support/MiKTeX/texmfs/install/tex/lat
ex/base/atveryend-ltx.sty
Package: atveryend-ltx 2020/08/19 v1.0a Emulation of the original atveryend pac
kage
with kernel methods
)
\Fld@listcount=\count284
\c@bookmark@seq@number=\count285

(/Users/thatokalagobe/Library/Application Support/MiKTeX/texmfs/install/tex/lat
ex/rerunfilecheck/rerunfilecheck.sty
Package: rerunfilecheck 2022-07-10 v1.10 Rerun checks for auxiliary files (HO)

(/Users/thatokalagobe/Library/Application Support/MiKTeX/texmfs/install/tex/gen
eric/uniquecounter/uniquecounter.sty
Package: uniquecounter 2019/12/15 v1.4 Provide unlimited unique counter (HO)
)
Package uniquecounter Info: New unique counter `rerunfilecheck' on input line 2
85.
)
\Hy@SectionHShift=\skip53
)
(/Users/thatokalagobe/Library/Application Support/MiKTeX/texmfs/install/tex/lat
ex/geometry/geometry.sty
Package: geometry 2020/01/02 v5.9 Page Geometry

(/Users/thatokalagobe/Library/Application Support/MiKTeX/texmfs/install/tex/gen
eric/iftex/ifvtex.sty
Package: ifvtex 2019/10/25 v1.7 ifvtex legacy package. Use iftex instead.
)
\Gm@cnth=\count286
\Gm@cntv=\count287
\c@Gm@tempcnt=\count288
\Gm@bindingoffset=\dimen156
\Gm@wd@mp=\dimen157
\Gm@odd@mp=\dimen158
\Gm@even@mp=\dimen159
\Gm@layoutwidth=\dimen160
\Gm@layoutheight=\dimen161
\Gm@layouthoffset=\dimen162
\Gm@layoutvoffset=\dimen163
\Gm@dimlist=\toks23

(/Users/thatokalagobe/Library/Application Support/MiKTeX/texmfs/install/tex/lat
ex/geometry/geometry.cfg))
(/Users/thatokalagobe/Library/Application Support/MiKTeX/texmfs/install/tex/lat
ex/l3backend/l3backend-pdftex.def
File: l3backend-pdftex.def 2024-02-20 L3 backend support: PDF output (pdfTeX)
\l__color_backend_stack_int=\count289
\l__pdf_internal_box=\box53
) (REPORT.aux)
\openout1 = `REPORT.aux'.

LaTeX Font Info:    Checking defaults for OML/cmm/m/it on input line 12.
LaTeX Font Info:    ... okay on input line 12.
LaTeX Font Info:    Checking defaults for OMS/cmsy/m/n on input line 12.
LaTeX Font Info:    ... okay on input line 12.
LaTeX Font Info:    Checking defaults for OT1/cmr/m/n on input line 12.
LaTeX Font Info:    ... okay on input line 12.
LaTeX Font Info:    Checking defaults for T1/cmr/m/n on input line 12.
LaTeX Font Info:    ... okay on input line 12.
LaTeX Font Info:    Checking defaults for TS1/cmr/m/n on input line 12.
LaTeX Font Info:    ... okay on input line 12.
LaTeX Font Info:    Checking defaults for OMX/cmex/m/n on input line 12.
LaTeX Font Info:    ... okay on input line 12.
LaTeX Font Info:    Checking defaults for U/cmr/m/n on input line 12.
LaTeX Font Info:    ... okay on input line 12.
LaTeX Font Info:    Checking defaults for PD1/pdf/m/n on input line 12.
LaTeX Font Info:    ... okay on input line 12.
LaTeX Font Info:    Checking defaults for PU/pdf/m/n on input line 12.
LaTeX Font Info:    ... okay on input line 12.

(/Users/thatokalagobe/Library/Application Support/MiKTeX/texmfs/install/tex/con
text/base/mkii/supp-pdf.mkii
[Loading MPS to PDF converter (version 2006.09.02).]
\scratchcounter=\count290
\scratchdimen=\dimen164
\scratchbox=\box54
\nofMPsegments=\count291
\nofMParguments=\count292
\everyMPshowfont=\toks24
\MPscratchCnt=\count293
\MPscratchDim=\dimen165
\MPnumerator=\count294
\makeMPintoPDFobject=\count295
\everyMPtoPDFconversion=\toks25
)
(/Users/thatokalagobe/Library/Application Support/MiKTeX/texmfs/install/tex/lat
ex/epstopdf-pkg/epstopdf-base.sty
Package: epstopdf-base 2020-01-24 v2.11 Base part for package epstopdf
Package epstopdf-base Info: Redefining graphics rule for `.eps' on input line 4
85.

(/Users/thatokalagobe/Library/Application Support/MiKTeX/texmfs/install/tex/lat
ex/00miktex/epstopdf-sys.cfg
File: epstopdf-sys.cfg 2021/03/18 v2.0 Configuration of epstopdf for MiKTeX
))
Package hyperref Info: Link coloring OFF on input line 12.
 (REPORT.out) (REPORT.out)
\@outlinefile=\write3
\openout3 = `REPORT.out'.


*geometry* driver: auto-detecting
*geometry* detected driver: pdftex
*geometry* verbose mode - [ preamble ] result:
* driver: pdftex
* paper: a4paper
* layout: <same size as paper>
* layoutoffset:(h,v)=(0.0pt,0.0pt)
* modes: 
* h-part:(L,W,R)=(72.26999pt, 452.9679pt, 72.26999pt)
* v-part:(T,H,B)=(72.26999pt, 700.50687pt, 72.26999pt)
* \paperwidth=597.50787pt
* \paperheight=845.04684pt
* \textwidth=452.9679pt
* \textheight=700.50687pt
* \oddsidemargin=0.0pt
* \evensidemargin=0.0pt
* \topmargin=-37.0pt
* \headheight=12.0pt
* \headsep=25.0pt
* \topskip=10.0pt
* \footskip=30.0pt
* \marginparwidth=65.0pt
* \marginparsep=11.0pt
* \columnsep=10.0pt
* \skip\footins=9.0pt plus 4.0pt minus 2.0pt
* \hoffset=0.0pt
* \voffset=0.0pt
* \mag=1000
* \@twocolumnfalse
* \@twosidefalse
* \@mparswitchfalse
* \@reversemarginfalse
* (1in=72.27pt=25.4mm, 1cm=28.453pt)


Overfull \hbox (0.671pt too wide) in paragraph at lines 39--40
\OT1/cmr/m/n/10 To ensure the reproducibility of the results, a generated seed 
value of \OT1/cmtt/m/n/10 1716664409626 \OT1/cmr/m/n/10 was used throughout
 []

<GP_training_results.png, id=100, 363.321pt x 293.022pt>
File: GP_training_results.png Graphic file (type png)
<use GP_training_results.png>
Package pdftex.def Info: GP_training_results.png  used on input line 62.
(pdftex.def)             Requested size: 362.37569pt x 292.26564pt.
[1

{/Users/thatokalagobe/Library/Application Support/MiKTeX/texmfs/data/fonts/map/
pdftex/pdftex.map}] [2 <./GP_training_results.png>]
Overfull \hbox (15.13483pt too wide) in paragraph at lines 99--100
\OT1/cmr/m/n/10 poisonous. The model has been implemented in Java and trained u
sing a dataset of mushroom characteristics. 
 []

[3]
<ANN_training_results.png, id=127, 797.817pt x 417.414pt>
File: ANN_training_results.png Graphic file (type png)
<use ANN_training_results.png>
Package pdftex.def Info: ANN_training_results.png  used on input line 161.
(pdftex.def)             Requested size: 362.37569pt x 189.59247pt.
<ANN_testing_results.png, id=128, 672.33pt x 212.649pt>
File: ANN_testing_results.png Graphic file (type png)
<use ANN_testing_results.png>
Package pdftex.def Info: ANN_testing_results.png  used on input line 177.
(pdftex.def)             Requested size: 362.37569pt x 114.61458pt.


LaTeX Warning: `!h' float specifier changed to `!ht'.

[4 <./ANN_training_results.png>]
Overfull \hbox (0.75511pt too wide) in paragraph at lines 216--217
[]\OT1/cmr/m/n/10 The model's accuracy is low, indicating that further tuning o
f the model's parameters or architecture
 []

[5 <./ANN_testing_results.png>] [6] (REPORT.aux)
 ***********
LaTeX2e <2023-11-01> patch level 1
L3 programming layer <2024-02-20>
 ***********
Package rerunfilecheck Info: File `REPORT.out' has not changed.
(rerunfilecheck)             Checksum: D6DC53E6CF958D6238232FEA6A421F2D;3693.
 ) 
Here is how much of TeX's memory you used:
 9592 strings out of 476391
 152423 string characters out of 2791772
 1941187 words of memory out of 3000000
 31530 multiletter control sequences out of 15000+600000
 563955 words of font info for 57 fonts, out of 8000000 for 9000
 0 hyphenation exceptions out of 8191
 75i,8n,79p,434b,511s stack positions out of 5000i,500n,10000p,200000b,80000s
 </Users/thatokalagobe/Library/Application Support/MiKTeX/texmfs/data/fonts/p
k/ljfour/jknappen/ec/dpi600/tcrm1000.pk></Users/thatokalagobe/Library/Applicati
on Support/MiKTeX/texmfs/install/fonts/type1/public/amsfonts/cm/cmbx10.pfb></Us
ers/thatokalagobe/Library/Application Support/MiKTeX/texmfs/install/fonts/type1
/public/amsfonts/cm/cmbx12.pfb></Users/thatokalagobe/Library/Application Suppor
t/MiKTeX/texmfs/install/fonts/type1/public/amsfonts/cm/cmr10.pfb></Users/thatok
alagobe/Library/Application Support/MiKTeX/texmfs/install/fonts/type1/public/am
sfonts/cm/cmr12.pfb></Users/thatokalagobe/Library/Application Support/MiKTeX/te
xmfs/install/fonts/type1/public/amsfonts/cm/cmr17.pfb></Users/thatokalagobe/Lib
rary/Application Support/MiKTeX/texmfs/install/fonts/type1/public/amsfonts/cm/c
mtt10.pfb>
Output written on REPORT.pdf (6 pages, 653801 bytes).
PDF statistics:
 191 PDF objects out of 1000 (max. 8388607)
 39 named destinations out of 1000 (max. 500000)
 208 words of extra memory for PDF output out of 10000 (max. 10000000)

