This is pdfTeX, Version 3.141592653-2.6-1.40.24 (MiKTeX 22.1) (preloaded format=pdflatex 2024.3.1)  4 JUN 2024 10:28
entering extended mode
 restricted \write18 enabled.
 %&-line parsing enabled.
**./REPORT.tex
(REPORT.tex
LaTeX2e <2023-11-01> patch level 1
L3 programming layer <2024-02-20>

(/Users/thatokalagobe/Library/Application Support/MiKTeX/texmfs/install/tex/lat
ex/base/article.cls
Document Class: article 2023/05/17 v1.4n Standard LaTeX document class

(/Users/thatokalagobe/Library/Application Support/MiKTeX/texmfs/install/tex/lat
ex/base/size10.clo
File: size10.clo 2023/05/17 v1.4n Standard LaTeX file (size option)
)
\c@part=\count188
\c@section=\count189
\c@subsection=\count190
\c@subsubsection=\count191
\c@paragraph=\count192
\c@subparagraph=\count193
\c@figure=\count194
\c@table=\count195
\abovecaptionskip=\skip48
\belowcaptionskip=\skip49
\bibindent=\dimen140
)
(/Users/thatokalagobe/Library/Application Support/MiKTeX/texmfs/install/tex/lat
ex/graphics/graphicx.sty
Package: graphicx 2021/09/16 v1.2d Enhanced LaTeX Graphics (DPC,SPQR)

(/Users/thatokalagobe/Library/Application Support/MiKTeX/texmfs/install/tex/lat
ex/graphics/keyval.sty
Package: keyval 2022/05/29 v1.15 key=value parser (DPC)
\KV@toks@=\toks17
)
(/Users/thatokalagobe/Library/Application Support/MiKTeX/texmfs/install/tex/lat
ex/graphics/graphics.sty
Package: graphics 2022/03/10 v1.4e Standard LaTeX Graphics (DPC,SPQR)

(/Users/thatokalagobe/Library/Application Support/MiKTeX/texmfs/install/tex/lat
ex/graphics/trig.sty
Package: trig 2021/08/11 v1.11 sin cos tan (DPC)
)
(/Users/thatokalagobe/Library/Application Support/MiKTeX/texmfs/install/tex/lat
ex/graphics-cfg/graphics.cfg
File: graphics.cfg 2016/06/04 v1.11 sample graphics configuration
)
Package graphics Info: Driver file: pdftex.def on input line 107.

(/Users/thatokalagobe/Library/Application Support/MiKTeX/texmfs/install/tex/lat
ex/graphics-def/pdftex.def
File: pdftex.def 2022/09/22 v1.2b Graphics/color driver for pdftex
))
\Gin@req@height=\dimen141
\Gin@req@width=\dimen142
)
(/Users/thatokalagobe/Library/Application Support/MiKTeX/texmfs/install/tex/lat
ex/l3backend/l3backend-pdftex.def
File: l3backend-pdftex.def 2024-02-20 L3 backend support: PDF output (pdfTeX)
\l__color_backend_stack_int=\count196
\l__pdf_internal_box=\box51
) (REPORT.aux)
\openout1 = `REPORT.aux'.

LaTeX Font Info:    Checking defaults for OML/cmm/m/it on input line 4.
LaTeX Font Info:    ... okay on input line 4.
LaTeX Font Info:    Checking defaults for OMS/cmsy/m/n on input line 4.
LaTeX Font Info:    ... okay on input line 4.
LaTeX Font Info:    Checking defaults for OT1/cmr/m/n on input line 4.
LaTeX Font Info:    ... okay on input line 4.
LaTeX Font Info:    Checking defaults for T1/cmr/m/n on input line 4.
LaTeX Font Info:    ... okay on input line 4.
LaTeX Font Info:    Checking defaults for TS1/cmr/m/n on input line 4.
LaTeX Font Info:    ... okay on input line 4.
LaTeX Font Info:    Checking defaults for OMX/cmex/m/n on input line 4.
LaTeX Font Info:    ... okay on input line 4.
LaTeX Font Info:    Checking defaults for U/cmr/m/n on input line 4.
LaTeX Font Info:    ... okay on input line 4.

(/Users/thatokalagobe/Library/Application Support/MiKTeX/texmfs/install/tex/con
text/base/mkii/supp-pdf.mkii
[Loading MPS to PDF converter (version 2006.09.02).]
\scratchcounter=\count197
\scratchdimen=\dimen143
\scratchbox=\box52
\nofMPsegments=\count198
\nofMParguments=\count199
\everyMPshowfont=\toks18
\MPscratchCnt=\count266
\MPscratchDim=\dimen144
\MPnumerator=\count267
\makeMPintoPDFobject=\count268
\everyMPtoPDFconversion=\toks19
)
(/Users/thatokalagobe/Library/Application Support/MiKTeX/texmfs/install/tex/lat
ex/epstopdf-pkg/epstopdf-base.sty
Package: epstopdf-base 2020-01-24 v2.11 Base part for package epstopdf
Package epstopdf-base Info: Redefining graphics rule for `.eps' on input line 4
85.

(/Users/thatokalagobe/Library/Application Support/MiKTeX/texmfs/install/tex/lat
ex/00miktex/epstopdf-sys.cfg
File: epstopdf-sys.cfg 2021/03/18 v2.0 Configuration of epstopdf for MiKTeX
))
LaTeX Font Info:    External font `cmex10' loaded for size
(Font)              <12> on input line 9.
LaTeX Font Info:    External font `cmex10' loaded for size
(Font)              <8> on input line 9.
LaTeX Font Info:    External font `cmex10' loaded for size
(Font)              <6> on input line 9.

Overfull \hbox (4.97185pt too wide) in paragraph at lines 14--15
[]\OT1/cmr/bx/n/10 Initial Solution Generation\OT1/cmr/m/n/10 : The initial sol
ution is generated by creating
 []


Overfull \hbox (11.44453pt too wide) in paragraph at lines 25--26
[]\OT1/cmr/bx/n/10 Cooling Rate\OT1/cmr/m/n/10 : The cooling rate, which determ
ines how fast the temperature
 []


Overfull \hbox (6.41727pt too wide) in paragraph at lines 26--27
\OT1/cmr/m/n/10 a new solution (neighbour) should be accepted based on the curr
ent solution,
 []

[1

{/Users/thatokalagobe/Library/Application Support/MiKTeX/texmfs/data/fonts/map/
pdftex/pdftex.map}]
Overfull \hbox (1.83383pt too wide) in paragraph at lines 29--30
\OT1/cmr/m/n/10 Both programs use a cost matrix to represent the distances betw
een the campuses
 []

LaTeX Font Info:    External font `cmex10' loaded for size
(Font)              <7> on input line 34.
LaTeX Font Info:    External font `cmex10' loaded for size
(Font)              <5> on input line 34.

Underfull \hbox (badness 10000) in paragraph at lines 37--37
[]\OT1/cmr/m/n/10 Hatfield $\OMS/cmsy/m/n/10 !$ \OT1/cmr/m/n/10 Hillcrest $\OMS
/cmsy/m/n/10 !$
 []


Underfull \hbox (badness 10000) in paragraph at lines 37--37
\OT1/cmr/m/n/10 Groenkloof $\OMS/cmsy/m/n/10 !$ \OT1/cmr/m/n/10 Prinsof $\OMS/c
msy/m/n/10 !$
 []


Overfull \hbox (77.05554pt too wide) in paragraph at lines 34--42
 [][] 
 []

<graphical_plot_diagram.pdf, id=11, 597.50786pt x 845.04686pt>
File: graphical_plot_diagram.pdf Graphic file (type pdf)
<use graphical_plot_diagram.pdf>
Package pdftex.def Info: graphical_plot_diagram.pdf  used on input line 50.
(pdftex.def)             Requested size: 345.0pt x 487.92259pt.
[2] [3 <./graphical_plot_diagram.pdf, page is rotated 90 degrees>] (REPORT.aux)
 ***********
LaTeX2e <2023-11-01> patch level 1
L3 programming layer <2024-02-20>
 ***********
 ) 
Here is how much of TeX's memory you used:
 1313 strings out of 476391
 23071 string characters out of 2791772
 1934187 words of memory out of 3000000
 23419 multiletter control sequences out of 15000+600000
 562352 words of font info for 50 fonts, out of 8000000 for 9000
 0 hyphenation exceptions out of 8191
 57i,11n,65p,798b,255s stack positions out of 5000i,500n,10000p,200000b,80000s
 </Users/thatokalagobe/Library/Application Support/MiKTeX/texmfs/data/fonts/p
k/ljfour/jknappen/ec/dpi600/tcrm1000.pk></Users/thatokalagobe/Library/Applicati
on Support/MiKTeX/texmfs/install/fonts/type1/public/amsfonts/cm/cmbx10.pfb></Us
ers/thatokalagobe/Library/Application Support/MiKTeX/texmfs/install/fonts/type1
/public/amsfonts/cm/cmbx12.pfb></Users/thatokalagobe/Library/Application Suppor
t/MiKTeX/texmfs/install/fonts/type1/public/amsfonts/cm/cmr10.pfb></Users/thatok
alagobe/Library/Application Support/MiKTeX/texmfs/install/fonts/type1/public/am
sfonts/cm/cmr12.pfb></Users/thatokalagobe/Library/Application Support/MiKTeX/te
xmfs/install/fonts/type1/public/amsfonts/cm/cmr17.pfb></Users/thatokalagobe/Lib
rary/Application Support/MiKTeX/texmfs/install/fonts/type1/public/amsfonts/cm/c
msy10.pfb>
Output written on REPORT.pdf (3 pages, 243123 bytes).
PDF statistics:
 71 PDF objects out of 1000 (max. 8388607)
 0 named destinations out of 1000 (max. 500000)
 6 words of extra memory for PDF output out of 10000 (max. 10000000)

